<?xml version="1.0" encoding="UTF-8"?>
<testng-results skipped="0" failed="0" total="1" passed="1">
  <reporter-output>
  </reporter-output>
  <suite name="Default suite" duration-ms="19811" started-at="2019-11-20T06:59:52Z" finished-at="2019-11-20T07:00:11Z">
    <groups>
    </groups>
    <test name="Default test" duration-ms="19811" started-at="2019-11-20T06:59:52Z" finished-at="2019-11-20T07:00:11Z">
      <class name="POM.NewTest">
        <test-method status="PASS" signature="f()[pri:0, instance:POM.NewTest@1888ff2c]" name="f" duration-ms="19791" started-at="2019-11-20T12:29:52Z" finished-at="2019-11-20T12:30:11Z">
          <reporter-output>
          </reporter-output>
        </test-method> <!-- f -->
      </class> <!-- POM.NewTest -->
    </test> <!-- Default test -->
  </suite> <!-- Default suite -->
</testng-results>
